VACS 2650 Cross Assembler V1.24e/w32                                           Page 1

0000              ; Arcadia 2001 - helloworld.asm
0000              ; By Adam Trionfo - ballyalley @ hotmail.com
0000              ;
0000              ; Version 1.0 - April 21, 2002
0000              ;
0000              ; Signetics 2650 source-code for the Arcadia 2001 console.
0000              ;
0000              ; This program prints 'HELLO WORLD' to the screen.
0000              ;
0000              ; This file assembles well under VACS v1.24/w32 (by W.H. Tapho
              --> orn)
0000              ;
0000              ;      asm32.exe helloworld.asm
0000              ;
0000                    name HelloWorld
0000              
* START INCLUDE *       include "arcadia.h"      ; v1.00
0000              ;-------------------------------------------------------------
              --> ------------
0000              ;
0000              ; arcadia.h 
0000              ; for Emerson Arcadia 2001 family
0000              ; based on the hardware equates/memory map by James Jacobs 
0000              ;
0000              ; v1.00  2003/04  Dennis D. Spreen
0000              ;
0000              ;-------------------------------------------------------------
              --> ------------
0000              
0000              ; Memory Map
0000              ; 
0000              ;  $0000..$0FFF are ROM (first 4K of cartridge)
0000              ;  $1000..$17FF are unmapped
0000              ;  $1800..$18CF are upper screen display
0000              ;  $18D0..$18EF are user RAM
0000              ;  $18F0..$19FF are control registers
0000              ;  $1A00..$1ACF are lower screen display
0000              ;  $1AD0..$1AFF are user RAM
0000              ;  $1B00..$1FFF are unmapped
0000              ;  $2000..$7FFF are ROM (last 24K of cartridge)
0000              
0000              ;-------------------------------------------------------------
              --> ------------
0000              
0000 = 00001800   SCRUPDATA       equ 1800h   ;$1800..$18CF are upper screen dis
              --> play
0000 = 00001A00   SCRLODATA       equ 1A00h   ;$1A00..$1ACF are lower screen dis
              --> play
0000              
0000              ;-------------------------------------------------------------
              --> ------------
0000              
0000 = 000018D0   RAM1            equ 18D0h   ;$18D0..$18EF are user RAM1 - 32 B
              --> yte 
0000 = 000018F8   RAM2            equ 18F8h   ;$18F8..$18FB are user RAM2 -  4 B
              --> yte
0000 = 00001AD0   RAM3            equ 1AD0h   ;$1AD0..$1AFF are user RAM3 - 48 B
              --> yte
0000              
0000              ;-------------------------------------------------------------
VACS 2650 Cross Assembler V1.24e/w32                                           Page 2

              --> ------------
0000              
0000 = 000018F0   SPRITE0Y        equ 18F0h   ;sprite 0 y-position
0000 = 000018F1   SPRITE0X        equ 18F1h   ;sprite 0 x-position
0000 = 000018F2   SPRITE1Y        equ 18F2h   ;sprite 1 y-position
0000 = 000018F3   SPRITE1X        equ 18F3h   ;sprite 1 x-position
0000 = 000018F4   SPRITE2Y        equ 18F4h   ;sprite 2 y-position 
0000 = 000018F5   SPRITE2X        equ 18F5h   ;sprite 2 x-position
0000 = 000018F6   SPRITE3Y        equ 18F6h   ;sprite 3 y-position
0000 = 000018F7   SPRITE3X        equ 18F7h   ;sprite 3 x-position
0000              
0000              ;-------------------------------------------------------------
              --> ------------
0000              
0000 = 000018FC   CRTCVPR         equ 18FCh   ;crtc vertical position register
0000              
0000 = 000018FD   PITCH           equ 18FDh   ;pitch and alternate character mod
              --> e selector
0000                                          ;bit  7:    0 = normal mode
0000                                          ;           1 = alternate characte
              --> r mode color2x2 
0000                                          ;               (2 backgrounds, 2 
              --> foreground colours)
0000                                          ;bits 6..0: pitch
0000              
0000 = 000018FE   VOLUME          equ 18FEh   ;volume and scanline scrolling
0000                                          ;bits 7..5: horizontal scanline sc
              --> rolling
0000                                          ;bits 4:    0 = sound on
0000                                          ;           1 = sound off
0000                                          ;bits 3..0: volume
0000              
0000 = 000018FF   CHARLINE        equ 18FFh   ;current character line
0000              
0000              ;-------------------------------------------------------------
              --> ------------
0000              
0000 = 00001900   P1LEFTKEYS      equ 1900h   ;player 1 left keys
0000                                          ;bits 7..4: unknown
0000                                          ;bit  3:    p1 (left) '1' button
0000                                          ;bit  2:    p1 (left) '4' button
0000                                          ;bit  1:    p1 (left) '7' button
0000                                          ;bit  0:    p1 (left) 'E' button (
              --> Enter)
0000              
0000 = 00001901   P1MIDDLEKEYS    equ 1901h   ;player 1 middle keys
0000                                          ;bit  3:    p1 (left) '2' button
0000                                          ;bit  2:    p1 (left) '5' button
0000                                          ;bit  1:    p1 (left) '8' button
0000                                          ;bit  0:    p1 (left) '0' button
0000              
0000 = 00001902   P1RIGHTKEYS     equ 1902h   ;player 1 right keys
0000                                          ;bits 7..4: unknown
0000                                          ;bit  3:    p1 (left) '3' button
0000                                          ;bit  2:    p1 (left) '6' button
0000                                          ;bit  1:    p1 (left) '9' button
0000                                          ;bit  0:    p1 (left) 'C' button (
              --> Clear)
0000              
0000 = 00001903   P1PALLADIUM     equ 1903h   ;player 1 palladium keys
VACS 2650 Cross Assembler V1.24e/w32                                           Page 3

0000                                          ;bits 7..4: unknown
0000                                          ;bit  3:    p1 (right) Palladium b
              --> utton #1
0000                                          ;bit  2:    p1 (right) Palladium b
              --> utton #2
0000                                          ;bit  1:    p1 (right) Palladium b
              --> utton #3
0000                                          ;bit  0:    p1 (right) Palladium b
              --> utton #4
0000              
0000 = 00001904   P2LEFTKEYS      equ 1904h   ;player 2 left keys
0000                                          ;bits 7..4: unknown
0000                                          ;bit  3:    p2 (right) '1' button
0000                                          ;bit  2:    p2 (right) '4' button
0000                                          ;bit  1:    p2 (right) '7' button
0000                                          ;bit  0:    p2 (right) 'E' button 
              --> (Enter)
0000              
0000 = 00001905   P2MIDDLEKEYS    equ 1905h   ;player 2 middle keys
0000                                          ;bits 7..4: unknown
0000                                          ;bit  3:    p2 (right) '2' button
0000                                          ;bit  2:    p2 (right) '5' button
0000                                          ;bit  1:    p2 (right) '8' button
0000                                          ;bit  0:    p2 (right) '0' button
0000              
0000 = 00001906   P2RIGHTKEYS     equ 1906h   ;player 2 right keys
0000                                          ;bits 7..4: unknown
0000                                          ;bit  3:    p2 (right) '3' button
0000                                          ;bit  2:    p2 (right) '6' button
0000                                          ;bit  1:    p2 (right) '9' button
0000                                          ;bit  0:    p2 (right) 'C' button 
              --> (Clear)
0000              
0000 = 00001907   P2PALLADIUM     equ 1907h   ;player 2 palladium keys
0000                                          ;bits 7..4: unknown
0000                                          ;bit  3:    p2 (right) Palladium b
              --> utton #1
0000                                          ;bit  2:    p2 (right) Palladium b
              --> utton #2
0000                                          ;bit  1:    p2 (right) Palladium b
              --> utton #3
0000                                          ;bit  0:    p2 (right) Palladium b
              --> utton #4
0000              
0000 = 00001908   CONSOLE         equ 1908h   ;console buttons
0000                                          ;bits 7..3: unknown
0000                                          ;bit  2:    DIFFICULTY button
0000                                          ;bit  1:    OPTION button
0000                                          ;bit  0:    START button
0000              
0000              ;-------------------------------------------------------------
              --> ------------
0000              
0000              ; $1909..$197F: unmapped
0000              
0000 = 00001980   UDC0            equ 1980h   ;$1980..$1987: user-defined charac
              --> ter #0
0000 = 00001988   UDC1            equ 1988h   ;$1988..$198F: user-defined charac
              --> ter #1
0000 = 00001990   UDC2            equ 1990h   ;$1990..$1997: user-defined charac
VACS 2650 Cross Assembler V1.24e/w32                                           Page 4

              --> ter #2
0000 = 00001998   UDC3            equ 1998h   ;$1998..$199F: user-defined charac
              --> ter #3
0000              
0000 = 000019A0   SPRITE0DATA     equ 19A0h   ;$19A0..$19A7: sprite #0
0000 = 000019A8   SPRITE1DATA     equ 19A8h   ;$19A8..$19AF: sprite #1
0000 = 000019B0   SPRITE2DATA     equ 19B0h   ;$19B0..$19B7: sprite #2
0000 = 000019B8   SPRITE3DATA     equ 19B8h   ;$19B8..$19BF: sprite #3
0000              
0000              ; $19C0..$19F7: unmapped
0000              
0000 = 000019F8   RESOLUTION      equ 19F8h   ;screen resolution
0000                                          ;bit  7: 0 = normal mode
0000                                          ;        1 = block graphics mode
0000                                          ;bit  6: 0 = low-res mode
0000                                          ;        1 = high-res mode
0000                                          ;bits 5..0: rectangle descriptions
              -->  in block graphics mode
0000              
0000 = 000019F9   BGCOLOUR        equ 19F9h   ;background colour and sprite sett
              --> ings
0000                                          ;bit  7:    0 = doublescanned spri
              --> tes
0000                                          ;           1 = singlescanned spri
              --> tes
0000                                          ;bit  6:    paddle interpolation (
              --> switches between the axes of the analog sticks)
0000                                          ;bits 5..3: colours of tile set 0
0000                                          ;bits 2..0: background colour
0000              
0000 = 000019FA   SPRITES23CTRL   equ 19FAh   ;sprites 2 & 3 control settings
0000                                          ;bit  7:    0 = sprite #2 normal
0000                                          ;           1 = sprite #2 double-h
              --> eight
0000                                          ;bit  6:    0 = sprite #3 normal
0000                                          ;           1 = sprite #3 double-h
              --> eight
0000                                          ;bits 5..3: colours of sprite #2
0000                                          ;bits 2..0: colours of sprite #3
0000              
0000 = 000019FB   SPRITES01CTRL   equ 19FBh   ;sprites 0 & 1 control settings
0000                                          ;bit  7:    0 = sprite #0 normal
0000                                          ;           1 = sprite #0 double-h
              --> eight
0000                                          ;bit  6:    0 = sprite #2 normal
0000                                          ;           1 = sprite #2 double-h
              --> eight
0000                                          ;bits 5..3: colours of sprite #0
0000                                          ;bits 2..0: colours of sprite #2
0000              
0000 = 000019FC   BGCOLLIDE       equ 19FCh   ;background collision detection
0000                                          ;bits 7..4: unknown
0000                                          ;bits 3..0: collision between spri
              --> tes #3..#0 (respectively) and the background
0000              
0000 = 000019FD   SPRITECOLLIDE   equ 19FDh   ;sprite collision detection
0000                                          ;bits 7..6: unknown
0000                                          ;bit 5:     sprite #2/#3 collision
0000                                          ;bit 4:     sprite #1/#3 collision
0000                                          ;bit 3:     sprite #1/#2 collision
VACS 2650 Cross Assembler V1.24e/w32                                           Page 5

0000                                          ;bit 2:     sprite #0/#3 collision
0000                                          ;bit 1:     sprite #0/#3 collision
0000                                          ;bit 0:     sprite #0/#3 collision
0000              
0000              ;-------------------------------------------------------------
              --> ------------
0000              
0000 = 000019FE   P2PADDLE        equ 19FEh   ;player 2 paddle
0000 = 000019FF   P1PADDLE        equ 19FFh   ;player 1 paddle
0000              
0000              ;-------------------------------------------------------------
              --> ------------
0000              
0000              ;2650 Equates
0000 = 00000000   z     equ  0
0000 = 00000000   eq    equ  z
0000 = 00000001   p     equ  1
0000 = 00000001   gt    equ  p
0000 = 00000002   n     equ  2
0000 = 00000002   lt    equ  n
0000 = 00000003   un    equ  3
0000              
0000              ;-------------------------------------------------------------
              --> ------------
0000              
** END INCLUDE ** end
0000              
0000                    org         0000H        ; Start of Arcadia ROM
0000              
0000              programentry:
0000 20                 eorz  r0                 ; Zero-out register 0
0001 1B01               bctr,un     programstart ; Branch to start of program
0003 17                 retc,un                  ; Called on VSYNC or VBLANK?
0004                                             ; As suggested by Paul Robson
0004              
0004              programstart:
0004 7620               ppsu        00100000b    ; Set Interrupt Inhibit bit
0006                                             ; The Tech doc that Paul
0006                                             ; wrote infers that Inter-
0006                                             ; rupts aren't used
0006              
0006              ; Print message onto screen 
0006 0400               lodi,r0     00h          ; Zero-out registers 0
0008 05FF               lodi,r1     0FFh         ;
000A 06FF               lodi,r2     0FFh         ; 
000C              
000C              ; Print loop
000C              displaymessage:
000C 0D201F             loda,r0     message,r1+  ; Get one char from message
000F E4FF               comi,r0     0FFh         ; Use FFh as End of Message
0011                                             ; Delimiter
0011 1805               bctr,eq     displaydone  ; If it's the delimiter, then
0013                                             ; break out of displaymessage
0013 CE3800             stra,r0     SCRUPDATA,r2+; Print char to screen (upper s
              --> creen data)
0016 1B74               bctr,un     displaymessage
0018              displaydone:
0018              
0018              ; Set Background Color to blue
0018 0406               lodi,r0     00000110b    ; Put Blue (06h) into reg 0
VACS 2650 Cross Assembler V1.24e/w32                                           Page 6

001A CC19F9             stra,r0     BGCOLOUR     ; Bits 0-2 of 19F9h control
001D                                             ; background color
001D              
001D              loopforever:
001D 1B7E               bctr,un     loopforever  ; Loop forever
001F              
001F              ; "Hello World"  This is NOT ASCII
001F              message:
001F 08                   dbx   "....#..." ; whate
0020 08                   dbx   "....#..."
0021 14                   dbx   "...#.#. "
0022 14                   dbx   "...¦.¦.."
0023 1C                   dbx   "...¦¦¦.."
0024 2A                   dbx   "..¦.¦.¦."
0025 A6                   dbx   "#.#..##."
0026 41                   dbx   ".#.....#"
0027              
0027 211E25252800       db          21h,1Eh,25h,25h,28h,00h  ; 'HELLO '
002D 30282B251D         db          30h,28h,2Bh,25h,1Dh      ; 'WORLD'
0032 FF                 db          0FFh         ; End of message delimiter
0033              
0033 08                   db      008h ;....#...
0034 08                   db      008h ;....#...
0035 14                   db      014h ;...#.#..
0036 14                   db      014h ;...#.#..
0037 1C                   db      01ch ;...###..
0038 2A                   db      02ah ;..#.#.#.
0039 A6                   db      0a6h ;#.#..##.
003A 41                   db      041h ;.#.....#
003B              
003B              
003B > 0000             end ; End of assembly
VACS 2650 Cross Assembler V1.24e/w32                                           Page 7
List of Identifiers

%helloworld (default). . . . . . = Section  0000-003A (Byte)
BGCOLLIDE. . . . . . . . . . . . = Value    000019FC (not used)
BGCOLOUR . . . . . . . . . . . . = Value    000019F9
CHARLINE . . . . . . . . . . . . = Value    000018FF (not used)
CONSOLE. . . . . . . . . . . . . = Value    00001908 (not used)
CRTCVPR. . . . . . . . . . . . . = Value    000018FC (not used)
DISPLAYDONE. . . . . . . . . . . = Value    00000018
DISPLAYMESSAGE . . . . . . . . . = Value    0000000C
EQ . . . . . . . . . . . . . . . = Value    00000000
GT . . . . . . . . . . . . . . . = Value    00000001 (not used)
LOOPFOREVER. . . . . . . . . . . = Value    0000001D
LT . . . . . . . . . . . . . . . = Value    00000002 (not used)
MESSAGE. . . . . . . . . . . . . = Value    0000001F
N. . . . . . . . . . . . . . . . = Value    00000002
P. . . . . . . . . . . . . . . . = Value    00000001
P1LEFTKEYS . . . . . . . . . . . = Value    00001900 (not used)
P1MIDDLEKEYS . . . . . . . . . . = Value    00001901 (not used)
P1PADDLE . . . . . . . . . . . . = Value    000019FF (not used)
P1PALLADIUM. . . . . . . . . . . = Value    00001903 (not used)
P1RIGHTKEYS. . . . . . . . . . . = Value    00001902 (not used)
P2LEFTKEYS . . . . . . . . . . . = Value    00001904 (not used)
P2MIDDLEKEYS . . . . . . . . . . = Value    00001905 (not used)
P2PADDLE . . . . . . . . . . . . = Value    000019FE (not used)
P2PALLADIUM. . . . . . . . . . . = Value    00001907 (not used)
P2RIGHTKEYS. . . . . . . . . . . = Value    00001906 (not used)
PITCH. . . . . . . . . . . . . . = Value    000018FD (not used)
PROGRAMENTRY . . . . . . . . . . = Value    00000000 (not used)
PROGRAMSTART . . . . . . . . . . = Value    00000004
RAM1 . . . . . . . . . . . . . . = Value    000018D0 (not used)
RAM2 . . . . . . . . . . . . . . = Value    000018F8 (not used)
RAM3 . . . . . . . . . . . . . . = Value    00001AD0 (not used)
RESOLUTION . . . . . . . . . . . = Value    000019F8 (not used)
SCRLODATA. . . . . . . . . . . . = Value    00001A00 (not used)
SCRUPDATA. . . . . . . . . . . . = Value    00001800
SPRITE0DATA. . . . . . . . . . . = Value    000019A0 (not used)
SPRITE0X . . . . . . . . . . . . = Value    000018F1 (not used)
SPRITE0Y . . . . . . . . . . . . = Value    000018F0 (not used)
SPRITE1DATA. . . . . . . . . . . = Value    000019A8 (not used)
SPRITE1X . . . . . . . . . . . . = Value    000018F3 (not used)
SPRITE1Y . . . . . . . . . . . . = Value    000018F2 (not used)
SPRITE2DATA. . . . . . . . . . . = Value    000019B0 (not used)
SPRITE2X . . . . . . . . . . . . = Value    000018F5 (not used)
SPRITE2Y . . . . . . . . . . . . = Value    000018F4 (not used)
SPRITE3DATA. . . . . . . . . . . = Value    000019B8 (not used)
SPRITE3X . . . . . . . . . . . . = Value    000018F7 (not used)
SPRITE3Y . . . . . . . . . . . . = Value    000018F6 (not used)
SPRITECOLLIDE. . . . . . . . . . = Value    000019FD (not used)
SPRITES01CTRL. . . . . . . . . . = Value    000019FB (not used)
SPRITES23CTRL. . . . . . . . . . = Value    000019FA (not used)
UDC0 . . . . . . . . . . . . . . = Value    00001980 (not used)
UDC1 . . . . . . . . . . . . . . = Value    00001988 (not used)
UDC2 . . . . . . . . . . . . . . = Value    00001990 (not used)
UDC3 . . . . . . . . . . . . . . = Value    00001998 (not used)
UN . . . . . . . . . . . . . . . = Value    00000003
VOLUME . . . . . . . . . . . . . = Value    000018FE (not used)
Z. . . . . . . . . . . . . . . . = Value    00000000

Module Name:     HELLOWORLD
Module Checksum: 00000E97

Saturday, April 5, 2003  12:14:53
VACS 2650 Cross Assembler V1.24e/w32                                           Page 8


         284 Source Lines     284 Assembled Lines        14340 Bytes Available

                >>>>   No Assembly Errors Detected.   <<<<
